<?xml version="1.0" encoding="UTF-8"?>
<!-- Generated by org.testng.reporters.JUnitXMLReporter -->
<testsuite hostname="Abhi-PC" ignored="0" name="Default test" tests="3" failures="0" timestamp="04 Jun 2020 11:53:37 GMT" time="254.233" errors="0">
  <testcase name="Register" time="79.11" classname="eshopping.eshopping.Shopping"/>
  <testcase name="Register" time="78.791" classname="eshopping.eshopping.Shopping"/>
  <testcase name="Register" time="76.182" classname="eshopping.eshopping.Shopping"/>
</testsuite> <!-- Default test -->
