<?xml version="1.0" encoding="UTF-8"?>
<testng-results skipped="0" failed="0" ignored="0" total="1" passed="1">
  <reporter-output>
  </reporter-output>
  <suite name="Default suite" duration-ms="111240" started-at="2020-06-02T13:51:05Z" finished-at="2020-06-02T13:52:56Z">
    <groups>
    </groups>
    <test name="Default test" duration-ms="111240" started-at="2020-06-02T13:51:05Z" finished-at="2020-06-02T13:52:56Z">
      <class name="eshopping.eshopping.Shopping">
        <test-method status="PASS" signature="setUp()[pri:0, instance:eshopping.eshopping.Shopping@6093dd95]" name="setUp" is-config="true" duration-ms="38702" started-at="2020-06-02T13:51:05Z" finished-at="2020-06-02T13:51:44Z">
          <reporter-output>
          </reporter-output>
        </test-method> <!-- setUp -->
        <test-method status="PASS" signature="Register()[pri:0, instance:eshopping.eshopping.Shopping@6093dd95]" name="Register" duration-ms="71549" started-at="2020-06-02T13:51:44Z" finished-at="2020-06-02T13:52:55Z">
          <reporter-output>
          </reporter-output>
        </test-method> <!-- Register -->
        <test-method status="PASS" signature="tearDown()[pri:0, instance:eshopping.eshopping.Shopping@6093dd95]" name="tearDown" is-config="true" duration-ms="940" started-at="2020-06-02T13:52:55Z" finished-at="2020-06-02T13:52:56Z">
          <reporter-output>
          </reporter-output>
        </test-method> <!-- tearDown -->
      </class> <!-- eshopping.eshopping.Shopping -->
    </test> <!-- Default test -->
  </suite> <!-- Default suite -->
</testng-results>
