<?xml version="1.0" encoding="UTF-8"?>
<testng-results skipped="0" failed="0" ignored="0" total="3" passed="3">
  <reporter-output>
  </reporter-output>
  <suite name="Default suite" duration-ms="254233" started-at="2020-06-04T11:49:23Z" finished-at="2020-06-04T11:53:37Z">
    <groups>
    </groups>
    <test name="Default test" duration-ms="254233" started-at="2020-06-04T11:49:23Z" finished-at="2020-06-04T11:53:37Z">
      <class name="eshopping.eshopping.Shopping">
        <test-method status="PASS" signature="setUp()[pri:0, instance:eshopping.eshopping.Shopping@4883b407]" name="setUp" is-config="true" duration-ms="7314" started-at="2020-06-04T11:49:24Z" finished-at="2020-06-04T11:49:31Z">
          <reporter-output>
          </reporter-output>
        </test-method> <!-- setUp -->
        <test-method status="PASS" signature="Register(java.lang.String, java.lang.String, java.lang.String, java.lang.String, java.lang.String, java.lang.String, java.lang.String, java.lang.String, java.lang.String, java.lang.String, java.lang.String, java.lang.String, java.lang.String, java.lang.String)[pri:0, instance:eshopping.eshopping.Shopping@4883b407]" name="Register" duration-ms="79110" started-at="2020-06-04T11:49:31Z" data-provider="getTestData" finished-at="2020-06-04T11:50:51Z">
          <params>
            <param index="0">
              <value>
                <![CDATA[@test.com]]>
              </value>
            </param>
            <param index="1">
              <value>
                <![CDATA[FirstName]]>
              </value>
            </param>
            <param index="2">
              <value>
                <![CDATA[LastName]]>
              </value>
            </param>
            <param index="3">
              <value>
                <![CDATA[Test1234]]>
              </value>
            </param>
            <param index="4">
              <value>
                <![CDATA[19.0]]>
              </value>
            </param>
            <param index="5">
              <value>
                <![CDATA[7.0]]>
              </value>
            </param>
            <param index="6">
              <value>
                <![CDATA[1994.0]]>
              </value>
            </param>
            <param index="7">
              <value>
                <![CDATA[Majesco]]>
              </value>
            </param>
            <param index="8">
              <value>
                <![CDATA[Line 1, PO -1234, Company]]>
              </value>
            </param>
            <param index="9">
              <value>
                <![CDATA[NewYork]]>
              </value>
            </param>
            <param index="10">
              <value>
                <![CDATA[11.0]]>
              </value>
            </param>
            <param index="11">
              <value>
                <![CDATA[12345.0]]>
              </value>
            </param>
            <param index="12">
              <value>
                <![CDATA[21.0]]>
              </value>
            </param>
            <param index="13">
              <value>
                <![CDATA[1.23456789E9]]>
              </value>
            </param>
          </params>
          <reporter-output>
          </reporter-output>
        </test-method> <!-- Register -->
        <test-method status="PASS" signature="tearDown()[pri:0, instance:eshopping.eshopping.Shopping@4883b407]" name="tearDown" is-config="true" duration-ms="899" started-at="2020-06-04T11:50:51Z" finished-at="2020-06-04T11:50:51Z">
          <reporter-output>
          </reporter-output>
        </test-method> <!-- tearDown -->
        <test-method status="PASS" signature="setUp()[pri:0, instance:eshopping.eshopping.Shopping@4883b407]" name="setUp" is-config="true" duration-ms="4545" started-at="2020-06-04T11:50:51Z" finished-at="2020-06-04T11:50:56Z">
          <reporter-output>
          </reporter-output>
        </test-method> <!-- setUp -->
        <test-method status="PASS" signature="Register(java.lang.String, java.lang.String, java.lang.String, java.lang.String, java.lang.String, java.lang.String, java.lang.String, java.lang.String, java.lang.String, java.lang.String, java.lang.String, java.lang.String, java.lang.String, java.lang.String)[pri:0, instance:eshopping.eshopping.Shopping@4883b407]" name="Register" duration-ms="78791" started-at="2020-06-04T11:50:56Z" data-provider="getTestData" finished-at="2020-06-04T11:52:15Z">
          <params>
            <param index="0">
              <value>
                <![CDATA[@test2.com]]>
              </value>
            </param>
            <param index="1">
              <value>
                <![CDATA[Abhi]]>
              </value>
            </param>
            <param index="2">
              <value>
                <![CDATA[Patil]]>
              </value>
            </param>
            <param index="3">
              <value>
                <![CDATA[Test1234]]>
              </value>
            </param>
            <param index="4">
              <value>
                <![CDATA[20.0]]>
              </value>
            </param>
            <param index="5">
              <value>
                <![CDATA[8.0]]>
              </value>
            </param>
            <param index="6">
              <value>
                <![CDATA[1994.0]]>
              </value>
            </param>
            <param index="7">
              <value>
                <![CDATA[mastek]]>
              </value>
            </param>
            <param index="8">
              <value>
                <![CDATA[Line 3, PO -1234, Company]]>
              </value>
            </param>
            <param index="9">
              <value>
                <![CDATA[Mumbai]]>
              </value>
            </param>
            <param index="10">
              <value>
                <![CDATA[11.0]]>
              </value>
            </param>
            <param index="11">
              <value>
                <![CDATA[12345.0]]>
              </value>
            </param>
            <param index="12">
              <value>
                <![CDATA[21.0]]>
              </value>
            </param>
            <param index="13">
              <value>
                <![CDATA[1.23456789E9]]>
              </value>
            </param>
          </params>
          <reporter-output>
          </reporter-output>
        </test-method> <!-- Register -->
        <test-method status="PASS" signature="tearDown()[pri:0, instance:eshopping.eshopping.Shopping@4883b407]" name="tearDown" is-config="true" duration-ms="901" started-at="2020-06-04T11:52:15Z" finished-at="2020-06-04T11:52:16Z">
          <reporter-output>
          </reporter-output>
        </test-method> <!-- tearDown -->
        <test-method status="PASS" signature="setUp()[pri:0, instance:eshopping.eshopping.Shopping@4883b407]" name="setUp" is-config="true" duration-ms="4214" started-at="2020-06-04T11:52:16Z" finished-at="2020-06-04T11:52:20Z">
          <reporter-output>
          </reporter-output>
        </test-method> <!-- setUp -->
        <test-method status="PASS" signature="Register(java.lang.String, java.lang.String, java.lang.String, java.lang.String, java.lang.String, java.lang.String, java.lang.String, java.lang.String, java.lang.String, java.lang.String, java.lang.String, java.lang.String, java.lang.String, java.lang.String)[pri:0, instance:eshopping.eshopping.Shopping@4883b407]" name="Register" duration-ms="76182" started-at="2020-06-04T11:52:20Z" data-provider="getTestData" finished-at="2020-06-04T11:53:36Z">
          <params>
            <param index="0">
              <value>
                <![CDATA[@test.com]]>
              </value>
            </param>
            <param index="1">
              <value>
                <![CDATA[Pooja]]>
              </value>
            </param>
            <param index="2">
              <value>
                <![CDATA[More]]>
              </value>
            </param>
            <param index="3">
              <value>
                <![CDATA[Test1234]]>
              </value>
            </param>
            <param index="4">
              <value>
                <![CDATA[21.0]]>
              </value>
            </param>
            <param index="5">
              <value>
                <![CDATA[7.0]]>
              </value>
            </param>
            <param index="6">
              <value>
                <![CDATA[1994.0]]>
              </value>
            </param>
            <param index="7">
              <value>
                <![CDATA[LnT]]>
              </value>
            </param>
            <param index="8">
              <value>
                <![CDATA[Line 2, PO -1234, Company]]>
              </value>
            </param>
            <param index="9">
              <value>
                <![CDATA[London]]>
              </value>
            </param>
            <param index="10">
              <value>
                <![CDATA[11.0]]>
              </value>
            </param>
            <param index="11">
              <value>
                <![CDATA[12345.0]]>
              </value>
            </param>
            <param index="12">
              <value>
                <![CDATA[21.0]]>
              </value>
            </param>
            <param index="13">
              <value>
                <![CDATA[1.23456789E9]]>
              </value>
            </param>
          </params>
          <reporter-output>
          </reporter-output>
        </test-method> <!-- Register -->
        <test-method status="PASS" signature="tearDown()[pri:0, instance:eshopping.eshopping.Shopping@4883b407]" name="tearDown" is-config="true" duration-ms="876" started-at="2020-06-04T11:53:36Z" finished-at="2020-06-04T11:53:37Z">
          <reporter-output>
          </reporter-output>
        </test-method> <!-- tearDown -->
      </class> <!-- eshopping.eshopping.Shopping -->
    </test> <!-- Default test -->
  </suite> <!-- Default suite -->
</testng-results>
